build/outputs/logs/manifest-merger-debug-report.txt
-- Merging decision tree log ---
manifest
ADDED from src/main/AndroidManifest.xml:2:1-47:12
	package
		ADDED from src/main/AndroidManifest.xml:5:2-24
		INJECTED from src/main/AndroidManifest.xml
		INJECTED from src/main/AndroidManifest.xml
	android:versionName
		ADDED from src/main/AndroidManifest.xml:4:2-27
		INJECTED from src/main/AndroidManifest.xml
		INJECTED from src/main/AndroidManifest.xml
	android:versionCode
		ADDED from src/main/AndroidManifest.xml:3:2-25
		INJECTED from src/main/AndroidManifest.xml
		INJECTED from src/main/AndroidManifest.xml
	xmlns:android
		ADDED from src/main/AndroidManifest.xml:2:11-69
uses-permission#android.permission.BLUETOOTH
ADDED from src/main/AndroidManifest.xml:7:2-65
MERGED from [com.github.ytai.ioio:IOIOLibAndroidBluetooth:5.05] AndroidManifest.xml:7:5-68
	android:name
		ADDED from src/main/AndroidManifest.xml:7:19-62
uses-permission#android.permission.INTERNET
ADDED from src/main/AndroidManifest.xml:8:2-64
MERGED from [com.github.ytai.ioio:IOIOLibAndroid:5.05] AndroidManifest.xml:7:5-67
MERGED from [com.github.ytai.ioio:IOIOLibAndroid:5.05] AndroidManifest.xml:7:5-67
MERGED from [com.github.ytai.ioio:IOIOLibAndroid:5.05] AndroidManifest.xml:7:5-67
MERGED from [com.github.ytai.ioio:IOIOLibAndroid:5.05] AndroidManifest.xml:7:5-67
	android:name
		ADDED from src/main/AndroidManifest.xml:8:19-61
uses-permission#android.permission.CAMERA
ADDED from src/main/AndroidManifest.xml:9:2-61
	android:name
		ADDED from src/main/AndroidManifest.xml:9:19-59
uses-feature#android.hardware.camera
ADDED from src/main/AndroidManifest.xml:10:2-56
	android:name
		ADDED from src/main/AndroidManifest.xml:10:16-54
uses-feature#android.hardware.camera.autofocus
ADDED from src/main/AndroidManifest.xml:11:2-66
	android:name
		ADDED from src/main/AndroidManifest.xml:11:16-64
uses-feature#android.hardware.camera.front
ADDED from src/main/AndroidManifest.xml:12:2-62
	android:name
		ADDED from src/main/AndroidManifest.xml:12:16-60
uses-feature#android.hardware.camera.front.autofocus
ADDED from src/main/AndroidManifest.xml:13:2-72
	android:name
		ADDED from src/main/AndroidManifest.xml:13:16-70
uses-permission#android.permission.ACCESS_FINE_LOCATION
ADDED from src/main/AndroidManifest.xml:14:2-76
	android:name
		ADDED from src/main/AndroidManifest.xml:14:19-73
uses-permission#android.permission.ACCESS_COARSE_LOCATION
ADDED from src/main/AndroidManifest.xml:15:2-78
	android:name
		ADDED from src/main/AndroidManifest.xml:15:19-75
uses-permission#android.permission.WRITE_EXTERNAL_STORAGE
ADDED from src/main/AndroidManifest.xml:16:2-77
	android:name
		ADDED from src/main/AndroidManifest.xml:16:19-75
uses-permission#android.permission.READ_EXTERNAL_STORAGE
ADDED from src/main/AndroidManifest.xml:17:2-76
	android:name
		ADDED from src/main/AndroidManifest.xml:17:19-74
uses-sdk
ADDED from src/main/AndroidManifest.xml:19:2-71
MERGED from [org.opencv:OpenCV-Android:3.1.0] AndroidManifest.xml:7:5-9:41
MERGED from [com.android.support:appcompat-v7:23.1.1] AndroidManifest.xml:20:5-43
MERGED from [com.android.support:support-v4:23.1.1] AndroidManifest.xml:20:5-43
MERGED from [com.android.support:multidex:1.0.0] AndroidManifest.xml:18:5-42
	android:targetSdkVersion
		ADDED from src/main/AndroidManifest.xml:19:12-41
	android:minSdkVersion
		ADDED from src/main/AndroidManifest.xml:19:42-68
application
ADDED from src/main/AndroidManifest.xml:20:2-46:16
MERGED from [org.opencv:OpenCV-Android:3.1.0] AndroidManifest.xml:11:5-15:19
MERGED from [com.android.support:appcompat-v7:23.1.1] AndroidManifest.xml:22:5-20
MERGED from [com.android.support:support-v4:23.1.1] AndroidManifest.xml:22:5-20
	android:label
		ADDED from src/main/AndroidManifest.xml:22:3-35
	android:supportsRtl
		ADDED from [org.opencv:OpenCV-Android:3.1.0] AndroidManifest.xml:14:9-35
	android:icon
		ADDED from src/main/AndroidManifest.xml:21:3-39
	android:allowBackup
		ADDED from [org.opencv:OpenCV-Android:3.1.0] AndroidManifest.xml:12:9-35
uses-library#com.android.future.usb.accessory
ADDED from src/main/AndroidManifest.xml:23:3-24:31
	android:required
		ADDED from src/main/AndroidManifest.xml:24:4-28
	android:name
		ADDED from src/main/AndroidManifest.xml:23:17-64
activity#abr.predator.Main_activity
ADDED from src/main/AndroidManifest.xml:25:3-45:14
	android:screenOrientation
		ADDED from src/main/AndroidManifest.xml:29:4-41
	android:label
		ADDED from src/main/AndroidManifest.xml:26:4-36
	android:launchMode
		ADDED from src/main/AndroidManifest.xml:28:4-35
	android:name
		ADDED from src/main/AndroidManifest.xml:27:4-45
intent-filter#android.intent.action.MAIN+android.intent.category.LAUNCHER
ADDED from src/main/AndroidManifest.xml:30:4-33:20
action#android.intent.action.MAIN
ADDED from src/main/AndroidManifest.xml:31:5-57
	android:name
		ADDED from src/main/AndroidManifest.xml:31:13-54
category#android.intent.category.LAUNCHER
ADDED from src/main/AndroidManifest.xml:32:5-65
	android:name
		ADDED from src/main/AndroidManifest.xml:32:15-62
intent-filter#android.hardware.usb.action.USB_ACCESSORY_ATTACHED
ADDED from src/main/AndroidManifest.xml:34:4-36:20
action#android.hardware.usb.action.USB_ACCESSORY_ATTACHED
ADDED from src/main/AndroidManifest.xml:35:5-81
	android:name
		ADDED from src/main/AndroidManifest.xml:35:13-78
intent-filter#android.hardware.usb.action.USB_DEVICE_ATTACHED
ADDED from src/main/AndroidManifest.xml:37:4-39:20
action#android.hardware.usb.action.USB_DEVICE_ATTACHED
ADDED from src/main/AndroidManifest.xml:38:5-78
	android:name
		ADDED from src/main/AndroidManifest.xml:38:13-75
meta-data#android.hardware.usb.action.USB_ACCESSORY_ATTACHED
ADDED from src/main/AndroidManifest.xml:40:4-41:48
	android:resource
		ADDED from src/main/AndroidManifest.xml:41:5-45
	android:name
		ADDED from src/main/AndroidManifest.xml:40:15-80
meta-data#android.hardware.usb.action.USB_DEVICE_ATTACHED
ADDED from src/main/AndroidManifest.xml:42:4-43:45
	android:resource
		ADDED from src/main/AndroidManifest.xml:43:5-42
	android:name
		ADDED from src/main/AndroidManifest.xml:42:15-77
android:uses-permission#android.permission.READ_PHONE_STATE
IMPLIED from src/main/AndroidManifest.xml:2:1-47:12 reason: ioio.lib has a targetSdkVersion < 4
uses-feature#android.hardware.usb.accessory
ADDED from [com.github.ytai.ioio:IOIOLibAndroidAccessory:5.05] AndroidManifest.xml:7:5-9:36
	android:required
		ADDED from [com.github.ytai.ioio:IOIOLibAndroidAccessory:5.05] AndroidManifest.xml:9:9-33
	android:name
		ADDED from [com.github.ytai.ioio:IOIOLibAndroidAccessory:5.05] AndroidManifest.xml:8:9-54
uses-feature#android.hardware.usb.host
ADDED from [com.github.ytai.ioio:IOIOLibAndroidDevice:5.05] AndroidManifest.xml:7:5-9:36
	android:required
		ADDED from [com.github.ytai.ioio:IOIOLibAndroidDevice:5.05] AndroidManifest.xml:9:9-33
	android:name
		ADDED from [com.github.ytai.ioio:IOIOLibAndroidDevice:5.05] AndroidManifest.xml:8:9-49